<?xml version="1.0" encoding="UTF-8"?>
<!-- Generated by org.testng.reporters.JUnitXMLReporter -->
<testsuite ignored="0" hostname="LAPTOP-BIM2FR3V" failures="0" tests="5" name="Test" time="60.802" errors="0" timestamp="2025-08-20T04:47:17 IST">
  <testcase classname="testSce.SwitchingWin" name="switchWin" time="7.381"/>
  <testcase classname="testSce.LetsCodeIt" name="radAndCheckBox" time="14.938"/>
  <testcase classname="testSce.MouseHover" name="dragAndDrop" time="9.006"/>
  <testcase classname="testSce.MouseHover" name="DatePicker" time="6.608"/>
  <testcase classname="testSce.DynDataHand" name="readDynData" time="22.787"/>
</testsuite> <!-- Test -->
