<?xml version="1.0" encoding="UTF-8"?>
<!-- Generated by org.testng.reporters.JUnitXMLReporter -->
<testsuite ignored="0" hostname="LAPTOP-BIM2FR3V" failures="0" tests="5" name="Test" time="70.177" errors="0" timestamp="2025-08-22T05:12:28 IST">
  <testcase classname="testSce.SwitchingWin" name="switchWin" time="7.596"/>
  <testcase classname="testSce.LetsCodeIt" name="radAndCheckBox" time="17.458"/>
  <testcase classname="testSce.MouseHover" name="dragAndDrop" time="9.818"/>
  <testcase classname="testSce.MouseHover" name="DatePicker" time="12.321"/>
  <testcase classname="testSce.DynDataHand" name="readDynData" time="22.902"/>
</testsuite> <!-- Test -->
