<?xml version="1.0" encoding="UTF-8"?>
<testsuite xmlns:xsi="http://www.w3.org/2001/XMLSchema-instance" xsi:noNamespaceSchemaLocation="https://maven.apache.org/surefire/maven-surefire-plugin/xsd/surefire-test-report.xsd" version="3.0.1" name="TestSuite" time="71.31" tests="5" errors="0" skipped="0" failures="0">
  <properties>
[...]
</properties>
  <testcase name="switchWin" classname="testSce.SwitchingWin" time="7.601">
    <system-out><![CDATA[total number of windows=2
986EEC0570441F4E1753723E20BDD3AD
4E14AAB73374F0CB7A9BFF8458B864F2
Window1 title=W3Schools Tryit Editor
Window2 title=W3Schools Online Web Tutorials
true
]]></system-out>
    <system-err><![CDATA[SLF4J(W): No SLF4J providers were found.
SLF4J(W): Defaulting to no-operation (NOP) logger implementation
SLF4J(W): See https://www.slf4j.org/codes.html#noProviders for further details.
]]></system-err>
  </testcase>
  <testcase name="radAndCheckBox" classname="testSce.LetsCodeIt" time="17.456">
    <system-out><![CDATA[BMW Radio button is selected, Passed
Benz and Honda checkboxes are selected... Passed
]]></system-out>
  </testcase>
  <testcase name="dragAndDrop" classname="testSce.MouseHover" time="9.813"/>
  <testcase name="DatePicker" classname="testSce.MouseHover" time="12.326">
    <system-out><![CDATA[August	2025
September	2025
October	2025
November	2025
December	2025
January	2026
February	2026
March	2026
April	2026
May	2026
June	2026
July	2026
August	2026
September	2026
October	2026
November	2026
December	2026
]]></system-out>
  </testcase>
  <testcase name="readDynData" classname="testSce.DynDataHand" time="22.904">
    <system-out><![CDATA[What is 4 + 7
4	7
11
true
What is 4 + 9
4	9
13
true
What is 2 + 0
2	0
2
true
]]></system-out>
  </testcase>
</testsuite>