<?xml version="1.0" encoding="UTF-8"?>
<testng-results ignored="0" total="5" passed="5" failed="0" skipped="0">
  <reporter-output>
  </reporter-output>
  <suite started-at="2025-08-22T05:11:18 IST" name="Suite" finished-at="2025-08-22T05:12:28 IST" duration-ms="70177">
    <groups>
    </groups>
    <test started-at="2025-08-22T05:11:18 IST" name="Test" finished-at="2025-08-22T05:12:28 IST" duration-ms="70177">
      <class name="testSce.DynDataHand">
        <test-method signature="readDynData()[pri:0, instance:testSce.DynDataHand@55b7a4e0]" started-at="2025-08-22T05:12:05 IST" name="readDynData" finished-at="2025-08-22T05:12:28 IST" duration-ms="22902" status="PASS">
          <reporter-output>
          </reporter-output>
        </test-method> <!-- readDynData -->
      </class> <!-- testSce.DynDataHand -->
      <class name="testSce.MouseHover">
        <test-method signature="dragAndDrop()[pri:1, instance:testSce.MouseHover@6eda5c9]" started-at="2025-08-22T05:11:43 IST" name="dragAndDrop" finished-at="2025-08-22T05:11:53 IST" duration-ms="9818" status="PASS">
          <reporter-output>
          </reporter-output>
        </test-method> <!-- dragAndDrop -->
        <test-method signature="DatePicker()[pri:2, instance:testSce.MouseHover@6eda5c9]" started-at="2025-08-22T05:11:53 IST" name="DatePicker" finished-at="2025-08-22T05:12:05 IST" duration-ms="12321" status="PASS">
          <reporter-output>
          </reporter-output>
        </test-method> <!-- DatePicker -->
      </class> <!-- testSce.MouseHover -->
      <class name="testSce.SwitchingWin">
        <test-method signature="switchWin()[pri:0, instance:testSce.SwitchingWin@5119fb47]" started-at="2025-08-22T05:11:18 IST" name="switchWin" finished-at="2025-08-22T05:11:26 IST" duration-ms="7596" status="PASS">
          <reporter-output>
          </reporter-output>
        </test-method> <!-- switchWin -->
      </class> <!-- testSce.SwitchingWin -->
      <class name="testSce.LetsCodeIt">
        <test-method signature="radAndCheckBox()[pri:0, instance:testSce.LetsCodeIt@56620197]" started-at="2025-08-22T05:11:26 IST" name="radAndCheckBox" finished-at="2025-08-22T05:11:43 IST" duration-ms="17458" status="PASS">
          <reporter-output>
          </reporter-output>
        </test-method> <!-- radAndCheckBox -->
      </class> <!-- testSce.LetsCodeIt -->
    </test> <!-- Test -->
  </suite> <!-- Suite -->
</testng-results>
