<?xml version="1.0" encoding="UTF-8"?>
<testng-results ignored="0" total="5" passed="5" failed="0" skipped="0">
  <reporter-output>
  </reporter-output>
  <suite started-at="2025-08-20T04:46:16 IST" name="Suite" finished-at="2025-08-20T04:47:17 IST" duration-ms="60802">
    <groups>
    </groups>
    <test started-at="2025-08-20T04:46:16 IST" name="Test" finished-at="2025-08-20T04:47:17 IST" duration-ms="60802">
      <class name="testSce.DynDataHand">
        <test-method signature="readDynData()[pri:0, instance:testSce.DynDataHand@5c6648b0]" started-at="2025-08-20T04:46:54 IST" name="readDynData" finished-at="2025-08-20T04:47:17 IST" duration-ms="22787" status="PASS">
          <reporter-output>
          </reporter-output>
        </test-method> <!-- readDynData -->
      </class> <!-- testSce.DynDataHand -->
      <class name="testSce.MouseHover">
        <test-method signature="dragAndDrop()[pri:1, instance:testSce.MouseHover@2a4fb17b]" started-at="2025-08-20T04:46:38 IST" name="dragAndDrop" finished-at="2025-08-20T04:46:47 IST" duration-ms="9006" status="PASS">
          <reporter-output>
          </reporter-output>
        </test-method> <!-- dragAndDrop -->
        <test-method signature="DatePicker()[pri:2, instance:testSce.MouseHover@2a4fb17b]" started-at="2025-08-20T04:46:47 IST" name="DatePicker" finished-at="2025-08-20T04:46:54 IST" duration-ms="6608" status="PASS">
          <reporter-output>
          </reporter-output>
        </test-method> <!-- DatePicker -->
      </class> <!-- testSce.MouseHover -->
      <class name="testSce.SwitchingWin">
        <test-method signature="switchWin()[pri:0, instance:testSce.SwitchingWin@145f66e3]" started-at="2025-08-20T04:46:16 IST" name="switchWin" finished-at="2025-08-20T04:46:23 IST" duration-ms="7381" status="PASS">
          <reporter-output>
          </reporter-output>
        </test-method> <!-- switchWin -->
      </class> <!-- testSce.SwitchingWin -->
      <class name="testSce.LetsCodeIt">
        <test-method signature="radAndCheckBox()[pri:0, instance:testSce.LetsCodeIt@34a3d150]" started-at="2025-08-20T04:46:24 IST" name="radAndCheckBox" finished-at="2025-08-20T04:46:38 IST" duration-ms="14938" status="PASS">
          <reporter-output>
          </reporter-output>
        </test-method> <!-- radAndCheckBox -->
      </class> <!-- testSce.LetsCodeIt -->
    </test> <!-- Test -->
  </suite> <!-- Suite -->
</testng-results>
